{"contracts/Activatable.sol":{"l":{"12":0,"13":0,"17":0,"18":0,"22":0,"23":0,"27":0,"28":0},"path":"/Users/senbenxun/Desktop/questioning-dapps/contracts/Activatable.sol","s":{"1":0,"2":0,"3":0,"4":0,"5":0,"6":0},"b":{"1":[0,0],"2":[0,0]},"f":{"1":0,"2":0,"3":0,"4":0},"fnMap":{"1":{"name":"whenActive","line":11,"loc":{"start":{"line":11,"column":4},"end":{"line":11,"column":23}}},"2":{"name":"whenNotActive","line":16,"loc":{"start":{"line":16,"column":4},"end":{"line":16,"column":26}}},"3":{"name":"deactivate","line":21,"loc":{"start":{"line":21,"column":4},"end":{"line":21,"column":51}}},"4":{"name":"activate","line":26,"loc":{"start":{"line":26,"column":4},"end":{"line":26,"column":52}}}},"statementMap":{"1":{"start":{"line":12,"column":8},"end":{"line":12,"column":22}},"2":{"start":{"line":17,"column":8},"end":{"line":17,"column":23}},"3":{"start":{"line":22,"column":8},"end":{"line":22,"column":21}},"4":{"start":{"line":23,"column":8},"end":{"line":23,"column":35}},"5":{"start":{"line":27,"column":8},"end":{"line":27,"column":20}},"6":{"start":{"line":28,"column":8},"end":{"line":28,"column":33}}},"branchMap":{"1":{"line":12,"type":"if","locations":[{"start":{"line":12,"column":8},"end":{"line":12,"column":8}},{"start":{"line":12,"column":8},"end":{"line":12,"column":8}}]},"2":{"line":17,"type":"if","locations":[{"start":{"line":17,"column":8},"end":{"line":17,"column":8}},{"start":{"line":17,"column":8},"end":{"line":17,"column":8}}]}}},"contracts/Room.sol":{"l":{"28":1,"32":0,"33":0,"37":0,"38":0,"39":0,"41":0,"43":0,"44":0,"45":0,"49":0,"51":0,"52":0,"53":0},"path":"/Users/senbenxun/Desktop/questioning-dapps/contracts/Room.sol","s":{"1":1,"2":0,"3":0,"4":0,"5":0,"6":0,"7":0,"8":0,"9":0,"10":0,"11":0,"12":0,"13":0,"14":0},"b":{"1":[0,0],"2":[0,0],"3":[0,0],"4":[0,0],"5":[0,0],"6":[0,0]},"f":{"1":1,"2":0,"3":0,"4":0},"fnMap":{"1":{"name":"constructor","line":27,"loc":{"start":{"line":27,"column":4},"end":{"line":27,"column":46}}},"2":{"name":"deposit","line":31,"loc":{"start":{"line":31,"column":4},"end":{"line":31,"column":51}}},"3":{"name":"sendReward","line":36,"loc":{"start":{"line":36,"column":4},"end":{"line":36,"column":85}}},"4":{"name":"refundToOwner","line":48,"loc":{"start":{"line":48,"column":4},"end":{"line":48,"column":59}}}},"statementMap":{"1":{"start":{"line":28,"column":8},"end":{"line":28,"column":23}},"2":{"start":{"line":32,"column":8},"end":{"line":32,"column":29}},"3":{"start":{"line":33,"column":8},"end":{"line":33,"column":45}},"4":{"start":{"line":37,"column":8},"end":{"line":37,"column":32}},"5":{"start":{"line":38,"column":8},"end":{"line":38,"column":27}},"6":{"start":{"line":39,"column":8},"end":{"line":39,"column":48}},"7":{"start":{"line":41,"column":8},"end":{"line":41,"column":30}},"8":{"start":{"line":43,"column":8},"end":{"line":43,"column":29}},"9":{"start":{"line":44,"column":8},"end":{"line":44,"column":30}},"10":{"start":{"line":45,"column":8},"end":{"line":45,"column":44}},"11":{"start":{"line":49,"column":8},"end":{"line":49,"column":41}},"12":{"start":{"line":51,"column":8},"end":{"line":51,"column":55}},"13":{"start":{"line":52,"column":8},"end":{"line":52,"column":38}},"14":{"start":{"line":53,"column":8},"end":{"line":53,"column":57}}},"branchMap":{"1":{"line":32,"type":"if","locations":[{"start":{"line":32,"column":8},"end":{"line":32,"column":8}},{"start":{"line":32,"column":8},"end":{"line":32,"column":8}}]},"2":{"line":37,"type":"if","locations":[{"start":{"line":37,"column":8},"end":{"line":37,"column":8}},{"start":{"line":37,"column":8},"end":{"line":37,"column":8}}]},"3":{"line":38,"type":"if","locations":[{"start":{"line":38,"column":8},"end":{"line":38,"column":8}},{"start":{"line":38,"column":8},"end":{"line":38,"column":8}}]},"4":{"line":39,"type":"if","locations":[{"start":{"line":39,"column":8},"end":{"line":39,"column":8}},{"start":{"line":39,"column":8},"end":{"line":39,"column":8}}]},"5":{"line":41,"type":"if","locations":[{"start":{"line":41,"column":8},"end":{"line":41,"column":8}},{"start":{"line":41,"column":8},"end":{"line":41,"column":8}}]},"6":{"line":49,"type":"if","locations":[{"start":{"line":49,"column":8},"end":{"line":49,"column":8}},{"start":{"line":49,"column":8},"end":{"line":49,"column":8}}]}}},"contracts/RoomFactory.sol":{"l":{"16":1,"17":1},"path":"/Users/senbenxun/Desktop/questioning-dapps/contracts/RoomFactory.sol","s":{"1":1,"2":1},"b":{},"f":{"1":1},"fnMap":{"1":{"name":"createRoom","line":15,"loc":{"start":{"line":15,"column":4},"end":{"line":15,"column":54}}}},"statementMap":{"1":{"start":{"line":16,"column":8},"end":{"line":16,"column":65}},"2":{"start":{"line":17,"column":8},"end":{"line":17,"column":56}}},"branchMap":{}}}