TN:
SF:/Users/senbenxun/Desktop/questioning-dapps/contracts/Activatable.sol
FN:11,whenActive
FN:16,whenNotActive
FN:21,deactivate
FN:26,activate
FNF:4
FNH:0
FNDA:0,whenActive
FNDA:0,whenNotActive
FNDA:0,deactivate
FNDA:0,activate
DA:12,0
DA:13,0
DA:17,0
DA:18,0
DA:22,0
DA:23,0
DA:27,0
DA:28,0
LF:8
LH:0
BRDA:12,1,0,0
BRDA:12,1,1,0
BRDA:17,2,0,0
BRDA:17,2,1,0
BRF:4
BRH:0
end_of_record
TN:
SF:/Users/senbenxun/Desktop/questioning-dapps/contracts/Room.sol
FN:27,constructor
FN:31,deposit
FN:36,sendReward
FN:48,refundToOwner
FNF:4
FNH:1
FNDA:1,constructor
FNDA:0,deposit
FNDA:0,sendReward
FNDA:0,refundToOwner
DA:28,1
DA:32,0
DA:33,0
DA:37,0
DA:38,0
DA:39,0
DA:41,0
DA:43,0
DA:44,0
DA:45,0
DA:49,0
DA:51,0
DA:52,0
DA:53,0
LF:14
LH:1
BRDA:32,1,0,0
BRDA:32,1,1,0
BRDA:37,2,0,0
BRDA:37,2,1,0
BRDA:38,3,0,0
BRDA:38,3,1,0
BRDA:39,4,0,0
BRDA:39,4,1,0
BRDA:41,5,0,0
BRDA:41,5,1,0
BRDA:49,6,0,0
BRDA:49,6,1,0
BRF:12
BRH:0
end_of_record
TN:
SF:/Users/senbenxun/Desktop/questioning-dapps/contracts/RoomFactory.sol
FN:15,createRoom
FNF:1
FNH:1
FNDA:1,createRoom
DA:16,1
DA:17,1
LF:2
LH:2
BRF:0
BRH:0
end_of_record
